The system is: Windows - 10.0.22631 - AMD64
Compiling the C compiler identification source file "CMakeCCompilerId.c" succeeded.
Compiler:  
Build flags: 
Id flags:  

The output was:
0
Version MSBuild 17.10.4+10fbfbf2e pour .NET Framework
La g├®n├®ration a d├®marr├® 22/07/2024 10:20:17.

Projet "C:\Users\aleksi\Documents\font_maker\build\CMakeFiles\3.25.1\CompilerIdC\CompilerIdC.vcxproj" sur le n┼ôud 1 (cibles par d├®faut).
PrepareForBuild:
  Cr├®ation du r├®pertoire "Debug\".
  Structured output is enabled. The formatting of compiler diagnostics will reflect the error hierarchy. See https://aka.ms/cpp/structured-output for more details.
  Cr├®ation du r├®pertoire "Debug\CompilerIdC.tlog\".
InitializeBuildStatus:
  Cr├®ation de "Debug\CompilerIdC.tlog\unsuccessfulbuild", car "AlwaysCreate" a ├®t├® sp├®cifi├®.
  Mise ├á jour de l'horodatage "Debug\CompilerIdC.tlog\unsuccessfulbuild".
ClCompile:
  C:\Program Files\Microsoft Visual Studio\2022\Community\VC\Tools\MSVC\14.40.33807\bin\HostX64\x64\CL.exe /c /nologo /W0 /WX- /diagnostics:column /Od /D _MBCS /Gm- /EHsc /RTC1 /MDd /GS /fp:precise /Zc:wchar_t /Zc:forScope /Zc:inline /Fo"Debug\\" /Fd"Debug\vc143.pdb" /external:W0 /Gd /TC /FC /errorReport:queue CMakeCCompilerId.c
  CMakeCCompilerId.c
Link:
  C:\Program Files\Microsoft Visual Studio\2022\Community\VC\Tools\MSVC\14.40.33807\bin\HostX64\x64\link.exe /ERRORREPORT:QUEUE /OUT:".\CompilerIdC.exe" /INCREMENTAL:NO /NOLOGO kernel32.lib user32.lib gdi32.lib winspool.lib comdlg32.lib advapi32.lib shell32.lib ole32.lib oleaut32.lib uuid.lib odbc32.lib odbccp32.lib /MANIFEST /MANIFESTUAC:"level='asInvoker' uiAccess='false'" /manifest:embed /PDB:".\CompilerIdC.pdb" /SUBSYSTEM:CONSOLE /TLBID:1 /DYNAMICBASE /NXCOMPAT /IMPLIB:".\CompilerIdC.lib" /MACHINE:X64 Debug\CMakeCCompilerId.obj
  CompilerIdC.vcxproj -> C:\Users\aleksi\Documents\font_maker\build\CMakeFiles\3.25.1\CompilerIdC\CompilerIdC.exe
PostBuildEvent:
  for %%i in (cl.exe) do @echo CMAKE_C_COMPILER=%%~$PATH:i
  :VCEnd
  CMAKE_C_COMPILER=C:\Program Files\Microsoft Visual Studio\2022\Community\VC\Tools\MSVC\14.40.33807\bin\Hostx64\x64\cl.exe
FinalizeBuildStatus:
  Suppression du fichier "Debug\CompilerIdC.tlog\unsuccessfulbuild".
  Mise ├á jour de l'horodatage "Debug\CompilerIdC.tlog\CompilerIdC.lastbuildstate".
G├®n├®ration du projet "C:\Users\aleksi\Documents\font_maker\build\CMakeFiles\3.25.1\CompilerIdC\CompilerIdC.vcxproj" termin├®e (cibles par d├®faut).

La g├®n├®ration a r├®ussi.
    0 Avertissement(s)
    0 Erreur(s)

Temps ├®coul├® 00:00:01.74


Compilation of the C compiler identification source "CMakeCCompilerId.c" produced "CompilerIdC.exe"

Compilation of the C compiler identification source "CMakeCCompilerId.c" produced "CompilerIdC.vcxproj"

The C compiler identification is MSVC, found in "C:/Users/aleksi/Documents/font_maker/build/CMakeFiles/3.25.1/CompilerIdC/CompilerIdC.exe"

Detecting C compiler ABI info compiled with the following output:
Change Dir: C:/Users/aleksi/Documents/font_maker/build/CMakeFiles/CMakeScratch/TryCompile-vtlz48

Run Build Command(s):C:/Program Files/Microsoft Visual Studio/2022/Community/MSBuild/Current/Bin/amd64/MSBuild.exe cmTC_5249f.vcxproj /p:Configuration=Debug /p:Platform=x64 /p:VisualStudioVersion=17.0 /v:m && Version MSBuild 17.10.4+10fbfbf2e pour .NET Framework

  Microsoft (R) C/C++ Optimizing Compiler Version 19.40.33811 for x64
  Copyright (C) Microsoft Corporation.  All rights reserved.
  cl /c /Zi /W3 /WX- /diagnostics:column /Od /Ob0 /D _MBCS /D WIN32 /D _WINDOWS /D "CMAKE_INTDIR=\"Debug\"" /Gm- /RTC1 /MDd /GS /fp:precise /Zc:wchar_t /Zc:forScope /Zc:inline /Fo"cmTC_5249f.dir\Debug\\" /Fd"cmTC_5249f.dir\Debug\vc143.pdb" /external:W3 /Gd /TC /errorReport:queue "C:\dev\Cmake\share\cmake-3.25\Modules\CMakeCCompilerABI.c"
  CMakeCCompilerABI.c
  cmTC_5249f.vcxproj -> C:\Users\aleksi\Documents\font_maker\build\CMakeFiles\CMakeScratch\TryCompile-vtlz48\Debug\cmTC_5249f.exe



