  ConsoleApp.cpp
  DDSTextureLoader.cpp
  GCGeometry.cpp
  GCGraphics.cpp
F:\Project\Moteur\Test-render-principale\src\Render\GCGraphics.cpp(219,135): warning C4390: ';' : une instruction contrôlée a été trouvée vide ; est-ce ce que vous souhaitiez ?
F:\Project\Moteur\Test-render-principale\src\Render\GCGraphics.cpp(221,26): warning C4390: ';' : une instruction contrôlée a été trouvée vide ; est-ce ce que vous souhaitiez ?
F:\Project\Moteur\Test-render-principale\src\Render\GCGraphics.cpp(576,64): warning C4244: 'argument' : conversion de 'int' en 'float', perte possible de données
F:\Project\Moteur\Test-render-principale\src\Render\GCGraphics.cpp(576,56): warning C4244: 'argument' : conversion de 'int' en 'float', perte possible de données
  GCGraphicsLogger.cpp
  GCMaterial.cpp
  GCMesh.cpp
  GCModelParser.cpp
  GCModelParserObj.cpp
F:\Project\Moteur\Test-render-principale\src\Render\GCModelParserObj.cpp(11,40): warning C4267: 'initialisation' : conversion de 'size_t' en 'int', perte possible de données
F:\Project\Moteur\Test-render-principale\src\Render\GCModelParserObj.cpp(20,21): warning C4267: '+=' : conversion de 'size_t' en 'int', perte possible de données
  GCPrimitiveFactory.cpp
  GCRender.cpp
F:\Project\Moteur\Test-render-principale\src\Render\GCRender.cpp(465,142): warning C4244: '=' : conversion de 'int' en 'FLOAT', perte possible de données
F:\Project\Moteur\Test-render-principale\src\Render\GCRender.cpp(466,144): warning C4244: '=' : conversion de 'int' en 'FLOAT', perte possible de données
  GCShader.cpp
  GCTexture.cpp
F:\Project\Moteur\Test-render-principale\src\Render\GCTexture.cpp(41,69): warning C4267: 'argument' : conversion de 'size_t' en 'INT', perte possible de données
F:\Project\Moteur\Test-render-principale\src\Render\GCTexture.cpp(57,69): warning C4267: 'argument' : conversion de 'size_t' en 'INT', perte possible de données
  GCTextureFactory.cpp
  GCUtils.cpp
  Macros.cpp
  MathHelper.cpp
  Timer.cpp
  Vectors.cpp
F:\Project\Moteur\Test-render-principale\src\Render\Vectors.cpp(209,32): warning C4804: '<' : utilisation risquée du type 'bool' dans l'opération
F:\Project\Moteur\Test-render-principale\src\Render\Vectors.cpp(663,32): warning C4804: '<' : utilisation risquée du type 'bool' dans l'opération
  Window.cpp
  Render.vcxproj -> F:\Project\Moteur\Test-render-principale\ide\vs\Render\Build\Release\Render.lib
